{
  "stats": {
    "suites": 1,
    "tests": 1,
    "passes": 1,
    "pending": 0,
    "failures": 0,
    "start": "2025-05-31T14:57:52.785Z",
    "end": "2025-05-31T14:58:04.346Z",
    "duration": 11561,
    "testsRegistered": 1,
    "passPercent": 100,
    "pendingPercent": 0,
    "other": 0,
    "hasOther": false,
    "skipped": 0,
    "hasSkipped": false
  },
  "results": [
    {
      "uuid": "d0aba874-5a60-48ed-aed0-49a675fff7d1",
      "title": "",
      "fullFile": "cypress/e2e/ui/elements/calendar.cy.js",
      "file": "cypress/e2e/ui/elements/calendar.cy.js",
      "beforeHooks": [],
      "afterHooks": [],
      "tests": [],
      "suites": [
        {
          "uuid": "19af7bd7-776b-4529-8e32-1aee7c9a1c70",
          "title": "Calendar Test",
          "fullFile": "",
          "file": "",
          "beforeHooks": [],
          "afterHooks": [],
          "tests": [
            {
              "title": "Make appointment flow: includes different elements",
              "fullTitle": "Calendar Test Make appointment flow: includes different elements",
              "timedOut": null,
              "duration": 7205,
              "state": "passed",
              "speed": "medium",
              "pass": true,
              "fail": false,
              "pending": false,
              "context": null,
              "code": "//covers radio button, checkbox, static dropdown, calendar control\ncalendar.clickMakeNewAppointmentButton();\ncalendar.login();\ncalendar.makeAppointmentFlow();",
              "err": {},
              "uuid": "1c80f9ac-dbeb-43c9-bdfe-fa4616b41123",
              "parentUUID": "19af7bd7-776b-4529-8e32-1aee7c9a1c70",
              "isHook": false,
              "skipped": false
            }
          ],
          "suites": [],
          "passes": [
            "1c80f9ac-dbeb-43c9-bdfe-fa4616b41123"
          ],
          "failures": [],
          "pending": [],
          "skipped": [],
          "duration": 7205,
          "root": false,
          "rootEmpty": false,
          "_timeout": 2000
        }
      ],
      "passes": [],
      "failures": [],
      "pending": [],
      "skipped": [],
      "duration": 0,
      "root": true,
      "rootEmpty": true,
      "_timeout": 2000
    }
  ],
  "meta": {
    "mocha": {
      "version": "7.2.0"
    },
    "mochawesome": {
      "options": {
        "quiet": false,
        "reportFilename": "mochawesome",
        "saveHtml": false,
        "saveJson": true,
        "consoleReporter": "spec",
        "useInlineDiffs": false,
        "code": true
      },
      "version": "7.1.3"
    },
    "marge": {
      "options": {
        "charts": true,
        "reportPageTitle": "custom-title",
        "embeddedScreenshots": true,
        "inlineAssets": true,
        "saveAllAttempts": false,
        "overwrite": false,
        "html": false,
        "json": true,
        "reportDir": "cypress/reports/html/.jsons"
      },
      "version": "6.2.0"
    }
  }
}