{
  "stats": {
    "suites": 1,
    "tests": 2,
    "passes": 0,
    "pending": 0,
    "failures": 2,
    "start": "2025-05-31T14:57:49.121Z",
    "end": "2025-05-31T14:57:50.128Z",
    "duration": 1007,
    "testsRegistered": 2,
    "passPercent": 0,
    "pendingPercent": 0,
    "other": 0,
    "hasOther": false,
    "skipped": 0,
    "hasSkipped": false
  },
  "results": [
    {
      "uuid": "f2fd9a59-1b73-41c8-9b2a-12e18e3cdffc",
      "title": "",
      "fullFile": "cypress/e2e/api/postReq.cy.js",
      "file": "cypress/e2e/api/postReq.cy.js",
      "beforeHooks": [],
      "afterHooks": [],
      "tests": [],
      "suites": [
        {
          "uuid": "c7dfac38-6908-46ef-b1dd-f33fe628c34b",
          "title": "reqres api tests",
          "fullFile": "",
          "file": "",
          "beforeHooks": [],
          "afterHooks": [],
          "tests": [
            {
              "title": "create a new user using faker",
              "fullTitle": "reqres api tests create a new user using faker",
              "timedOut": null,
              "duration": 795,
              "state": "failed",
              "speed": null,
              "pass": false,
              "fail": true,
              "pending": false,
              "context": "{\n  \"title\": \"cypress-mochawesome-reporter-screenshots\",\n  \"value\": [\n    [\n      \"/api/postReq.cy.js/reqres api tests -- create a new user using faker (failed).png\"\n    ]\n  ]\n}",
              "code": "postApi.createUser();",
              "err": {
                "message": "CypressError: `cy.request()` failed on:\n\nhttps://reqres.in/api/users\n\nThe response we received from your web server was:\n\n  > 401: Unauthorized\n\nThis was considered a failure because the status code was not `2xx` or `3xx`.\n\nIf you do not want status codes to cause failures pass the option: `failOnStatusCode: false`\n\n-----------------------------------------------------------\n\nThe request we sent was:\n\nMethod: POST\nURL: https://reqres.in/api/users\nHeaders: {\n  \"Connection\": \"keep-alive\",\n  \"user-agent\": \"Mozilla/5.0 (Macintosh; Intel Mac OS X 10_15_7) AppleWebKit/537.36 (KHTML, like Gecko) Cypress/14.4.0 Chrome/130.0.6723.137 Electron/33.2.1 Safari/537.36\",\n  \"accept\": \"*/*\",\n  \"accept-encoding\": \"gzip, deflate\",\n  \"content-type\": \"application/json\",\n  \"content-length\": 74\n}\nBody: {\"name\":\"Mrs. Maria Spinka PhD\",\"job\":\"International Assurance Developer\"}\n\n-----------------------------------------------------------\n\nThe response we got was:\n\nStatus: 401 - Unauthorized\nHeaders: {\n  \"date\": \"Sat, 31 May 2025 14:57:49 GMT\",\n  \"content-type\": \"application/json; charset=utf-8\",\n  \"content-length\": \"72\",\n  \"connection\": \"keep-alive\",\n  \"server\": \"cloudflare\",\n  \"cf-ray\": \"9487536a8b5b377e-CCU\",\n  \"report-to\": \"{\\\"group\\\":\\\"heroku-nel\\\",\\\"max_age\\\":3600,\\\"endpoints\\\":[{\\\"url\\\":\\\"https://nel.heroku.com/reports?ts=1748703469&sid=c4c9725f-1ab0-44d8-820f-430df2718e11&s=WljLY6O0rMBu1Z7ReROmCcHEUYebVx5yIsiV6v8DfYE%3D\\\"}]}\",\n  \"reporting-endpoints\": \"heroku-nel=https://nel.heroku.com/reports?ts=1748703469&sid=c4c9725f-1ab0-44d8-820f-430df2718e11&s=WljLY6O0rMBu1Z7ReROmCcHEUYebVx5yIsiV6v8DfYE%3D\",\n  \"nel\": \"{\\\"report_to\\\":\\\"heroku-nel\\\",\\\"max_age\\\":3600,\\\"success_fraction\\\":0.005,\\\"failure_fraction\\\":0.05,\\\"response_headers\\\":[\\\"Via\\\"]}\",\n  \"x-powered-by\": \"Express\",\n  \"access-control-allow-origin\": \"*\",\n  \"ratelimit-policy\": \"100;w=60\",\n  \"ratelimit-limit\": \"100\",\n  \"ratelimit-remaining\": \"98\",\n  \"ratelimit-reset\": \"50\",\n  \"etag\": \"W/\\\"48-+Z5A4MsbyryWjwqUCtZ7548heDc\\\"\",\n  \"via\": \"1.1 vegur\",\n  \"cf-cache-status\": \"DYNAMIC\",\n  \"server-timing\": \"cfL4;desc=\\\"?proto=TCP&rtt=93186&min_rtt=68738&rtt_var=40604&sent=11&recv=11&lost=0&retrans=0&sent_bytes=4485&recv_bytes=1067&delivery_rate=54031&cwnd=254&unsent_bytes=0&cid=9ad49df8cf5c2e04&ts=11666&x=0\\\"\"\n}\nBody: {\n  \"error\": \"Missing API key.\",\n  \"how_to_get_one\": \"https://reqres.in/signup\"\n}\n\n\nhttps://on.cypress.io/request",
                "estack": "CypressError: `cy.request()` failed on:\n\nhttps://reqres.in/api/users\n\nThe response we received from your web server was:\n\n  > 401: Unauthorized\n\nThis was considered a failure because the status code was not `2xx` or `3xx`.\n\nIf you do not want status codes to cause failures pass the option: `failOnStatusCode: false`\n\n-----------------------------------------------------------\n\nThe request we sent was:\n\nMethod: POST\nURL: https://reqres.in/api/users\nHeaders: {\n  \"Connection\": \"keep-alive\",\n  \"user-agent\": \"Mozilla/5.0 (Macintosh; Intel Mac OS X 10_15_7) AppleWebKit/537.36 (KHTML, like Gecko) Cypress/14.4.0 Chrome/130.0.6723.137 Electron/33.2.1 Safari/537.36\",\n  \"accept\": \"*/*\",\n  \"accept-encoding\": \"gzip, deflate\",\n  \"content-type\": \"application/json\",\n  \"content-length\": 74\n}\nBody: {\"name\":\"Mrs. Maria Spinka PhD\",\"job\":\"International Assurance Developer\"}\n\n-----------------------------------------------------------\n\nThe response we got was:\n\nStatus: 401 - Unauthorized\nHeaders: {\n  \"date\": \"Sat, 31 May 2025 14:57:49 GMT\",\n  \"content-type\": \"application/json; charset=utf-8\",\n  \"content-length\": \"72\",\n  \"connection\": \"keep-alive\",\n  \"server\": \"cloudflare\",\n  \"cf-ray\": \"9487536a8b5b377e-CCU\",\n  \"report-to\": \"{\\\"group\\\":\\\"heroku-nel\\\",\\\"max_age\\\":3600,\\\"endpoints\\\":[{\\\"url\\\":\\\"https://nel.heroku.com/reports?ts=1748703469&sid=c4c9725f-1ab0-44d8-820f-430df2718e11&s=WljLY6O0rMBu1Z7ReROmCcHEUYebVx5yIsiV6v8DfYE%3D\\\"}]}\",\n  \"reporting-endpoints\": \"heroku-nel=https://nel.heroku.com/reports?ts=1748703469&sid=c4c9725f-1ab0-44d8-820f-430df2718e11&s=WljLY6O0rMBu1Z7ReROmCcHEUYebVx5yIsiV6v8DfYE%3D\",\n  \"nel\": \"{\\\"report_to\\\":\\\"heroku-nel\\\",\\\"max_age\\\":3600,\\\"success_fraction\\\":0.005,\\\"failure_fraction\\\":0.05,\\\"response_headers\\\":[\\\"Via\\\"]}\",\n  \"x-powered-by\": \"Express\",\n  \"access-control-allow-origin\": \"*\",\n  \"ratelimit-policy\": \"100;w=60\",\n  \"ratelimit-limit\": \"100\",\n  \"ratelimit-remaining\": \"98\",\n  \"ratelimit-reset\": \"50\",\n  \"etag\": \"W/\\\"48-+Z5A4MsbyryWjwqUCtZ7548heDc\\\"\",\n  \"via\": \"1.1 vegur\",\n  \"cf-cache-status\": \"DYNAMIC\",\n  \"server-timing\": \"cfL4;desc=\\\"?proto=TCP&rtt=93186&min_rtt=68738&rtt_var=40604&sent=11&recv=11&lost=0&retrans=0&sent_bytes=4485&recv_bytes=1067&delivery_rate=54031&cwnd=254&unsent_bytes=0&cid=9ad49df8cf5c2e04&ts=11666&x=0\\\"\"\n}\nBody: {\n  \"error\": \"Missing API key.\",\n  \"how_to_get_one\": \"https://reqres.in/signup\"\n}\n\n\nhttps://on.cypress.io/request\n    at <unknown> (https://reqres.in/__cypress/runner/cypress_runner.js:135957:72)\n    at tryCatcher (https://reqres.in/__cypress/runner/cypress_runner.js:1777:23)\n    at Promise._settlePromiseFromHandler (https://reqres.in/__cypress/runner/cypress_runner.js:1489:31)\n    at Promise._settlePromise (https://reqres.in/__cypress/runner/cypress_runner.js:1546:18)\n    at Promise._settlePromise0 (https://reqres.in/__cypress/runner/cypress_runner.js:1591:10)\n    at Promise._settlePromises (https://reqres.in/__cypress/runner/cypress_runner.js:1671:18)\n    at _drainQueueStep (https://reqres.in/__cypress/runner/cypress_runner.js:2377:12)\n    at _drainQueue (https://reqres.in/__cypress/runner/cypress_runner.js:2370:9)\n    at Async._drainQueues (https://reqres.in/__cypress/runner/cypress_runner.js:2386:5)\n    at Async.drainQueues (https://reqres.in/__cypress/runner/cypress_runner.js:2256:14)\nFrom Your Spec Code:\n    at postApi.createUser (webpack://cypress/./cypress/support/apiPageFile/postAPI.js:6:18)\n    at Context.eval (webpack://cypress/./cypress/e2e/api/postReq.cy.js:8:12)",
                "diff": null
              },
              "uuid": "41566a39-1947-467c-b564-ffa9bb676830",
              "parentUUID": "c7dfac38-6908-46ef-b1dd-f33fe628c34b",
              "isHook": false,
              "skipped": false
            },
            {
              "title": "creating a user by reading json from fixtures",
              "fullTitle": "reqres api tests creating a user by reading json from fixtures",
              "timedOut": null,
              "duration": 179,
              "state": "failed",
              "speed": null,
              "pass": false,
              "fail": true,
              "pending": false,
              "context": "{\n  \"title\": \"cypress-mochawesome-reporter-screenshots\",\n  \"value\": [\n    [\n      \"/api/postReq.cy.js/reqres api tests -- creating a user by reading json from fixtures (failed).png\"\n    ]\n  ]\n}",
              "code": "postApi.createUserUsingFixture();",
              "err": {
                "message": "Error: A fixture file could not be found at any of the following paths:\n\n    > cypress/fixtures/postReqBody\n    > cypress/fixtures/postReqBody.[ext]\n\nCypress looked for these file extensions at the provided path:\n\n    > .json, .js, .coffee, .html, .txt, .csv, .png, .jpg, .jpeg, .gif, .tif, .tiff, .zip\n\nProvide a path to an existing fixture file.",
                "estack": "Error: A fixture file could not be found at any of the following paths:\n\n    > cypress/fixtures/postReqBody\n    > cypress/fixtures/postReqBody.[ext]\n\nCypress looked for these file extensions at the provided path:\n\n    > .json, .js, .coffee, .html, .txt, .csv, .png, .jpg, .jpeg, .gif, .tif, .tiff, .zip\n\nProvide a path to an existing fixture file.\n    at Object.<anonymous> (<embedded>:2749:159927)\n    at Object.tryCatcher (/Users/ritikanag/Library/Caches/Cypress/14.4.0/Cypress.app/Contents/Resources/app/node_modules/bluebird/js/release/util.js:16:23)\n    at Promise._settlePromiseFromHandler (/Users/ritikanag/Library/Caches/Cypress/14.4.0/Cypress.app/Contents/Resources/app/node_modules/bluebird/js/release/promise.js:512:31)\n    at Promise._settlePromise (/Users/ritikanag/Library/Caches/Cypress/14.4.0/Cypress.app/Contents/Resources/app/node_modules/bluebird/js/release/promise.js:569:18)\n    at Promise._settlePromise0 (/Users/ritikanag/Library/Caches/Cypress/14.4.0/Cypress.app/Contents/Resources/app/node_modules/bluebird/js/release/promise.js:614:10)\n    at Promise._settlePromises (/Users/ritikanag/Library/Caches/Cypress/14.4.0/Cypress.app/Contents/Resources/app/node_modules/bluebird/js/release/promise.js:694:18)\n    at Promise._fulfill (/Users/ritikanag/Library/Caches/Cypress/14.4.0/Cypress.app/Contents/Resources/app/node_modules/bluebird/js/release/promise.js:638:18)\n    at <unknown> (/Users/ritikanag/Library/Caches/Cypress/14.4.0/Cypress.app/Contents/Resources/app/node_modules/bluebird/js/release/nodeback.js:42:21)\n    at s (<embedded>:227:132401)\n    at D.<anonymous> (<embedded>:2743:271783)\n    at D.emit (node:events:518:28)\n    at D._finish (<embedded>:2743:272713)\n    at i (<embedded>:2743:272104)\n    at D._processSimple2 (<embedded>:2743:277870)\n    at <unknown> (<embedded>:2743:277723)\n    at D._stat2 (<embedded>:2743:278788)\n    at <unknown> (<embedded>:2743:278635)\n    at s (<embedded>:1067:24225)\n    at s (<embedded>:227:132401)\n    at r (<embedded>:2865:13639)\n    at FSReqCallback.oncomplete (node:fs:197:21)",
                "diff": null
              },
              "uuid": "6e299112-550a-4d51-8d27-02423acc4840",
              "parentUUID": "c7dfac38-6908-46ef-b1dd-f33fe628c34b",
              "isHook": false,
              "skipped": false
            }
          ],
          "suites": [],
          "passes": [],
          "failures": [
            "41566a39-1947-467c-b564-ffa9bb676830",
            "6e299112-550a-4d51-8d27-02423acc4840"
          ],
          "pending": [],
          "skipped": [],
          "duration": 974,
          "root": false,
          "rootEmpty": false,
          "_timeout": 2000
        }
      ],
      "passes": [],
      "failures": [],
      "pending": [],
      "skipped": [],
      "duration": 0,
      "root": true,
      "rootEmpty": true,
      "_timeout": 2000
    }
  ],
  "meta": {
    "mocha": {
      "version": "7.2.0"
    },
    "mochawesome": {
      "options": {
        "quiet": false,
        "reportFilename": "mochawesome",
        "saveHtml": false,
        "saveJson": true,
        "consoleReporter": "spec",
        "useInlineDiffs": false,
        "code": true
      },
      "version": "7.1.3"
    },
    "marge": {
      "options": {
        "charts": true,
        "reportPageTitle": "custom-title",
        "embeddedScreenshots": true,
        "inlineAssets": true,
        "saveAllAttempts": false,
        "overwrite": false,
        "html": false,
        "json": true,
        "reportDir": "cypress/reports/html/.jsons"
      },
      "version": "6.2.0"
    }
  }
}