{
  "stats": {
    "suites": 1,
    "tests": 1,
    "passes": 1,
    "pending": 0,
    "failures": 0,
    "start": "2025-05-31T14:58:05.370Z",
    "end": "2025-05-31T14:58:18.307Z",
    "duration": 12937,
    "testsRegistered": 1,
    "passPercent": 100,
    "pendingPercent": 0,
    "other": 0,
    "hasOther": false,
    "skipped": 0,
    "hasSkipped": false
  },
  "results": [
    {
      "uuid": "81e16576-155d-4db7-b3c6-86432e0131f4",
      "title": "",
      "fullFile": "cypress/e2e/ui/elements/dynamic-table.cy.js",
      "file": "cypress/e2e/ui/elements/dynamic-table.cy.js",
      "beforeHooks": [],
      "afterHooks": [],
      "tests": [],
      "suites": [
        {
          "uuid": "4c41d5b7-971a-4a7d-b623-9d7a47127498",
          "title": "testing dynamic table for automation testing practice",
          "fullFile": "",
          "file": "",
          "beforeHooks": [],
          "afterHooks": [],
          "tests": [
            {
              "title": "retrieve chrome process value",
              "fullTitle": "testing dynamic table for automation testing practice retrieve chrome process value",
              "timedOut": null,
              "duration": 10198,
              "state": "passed",
              "speed": "slow",
              "pass": true,
              "fail": false,
              "pending": false,
              "context": null,
              "code": "let cpuColumnIndexValue;\nlet ChromeCpuValue;\ncy.visit('https://practice.expandtesting.com/');\ncy.get('a[href=\"/dynamic-table\"].btn').contains('Try it out').click();\ncy.url().should('includes', '/dynamic-table');\n//retrieving value of chrome cpu value and match it with yallow highlighted value\ncy.get('table thead th').each(($col, index) => {\n  cy.log($col.text(), index);\n  if ($col.text() === 'CPU') {\n    cpuColumnIndexValue = index;\n    cy.log(`The index of CPU column is: ${index}`);\n  }\n}).then(function () {\n  cy.get('tbody tr').each($row => {\n    cy.get($row).find('td').eq(0).then($rowValue => {\n      if ($rowValue.text() === 'Chrome') {\n        cy.get($row).find('td').eq(cpuColumnIndexValue).invoke('text').then(cpuValue => {\n          // cy.log(`The chrome process cpu value is : ${cpuValue}`)\n          ChromeCpuValue = cpuValue.trim();\n          cy.get('p[id=\"chrome-cpu\"]').should('contain', ChromeCpuValue);\n        });\n      } else {\n        // Else case: Chrome row not found\n        cy.log('Chrome row not found.');\n      }\n    });\n  });\n});",
              "err": {},
              "uuid": "56bb6f76-e4b8-4433-88ae-7d29b817eb21",
              "parentUUID": "4c41d5b7-971a-4a7d-b623-9d7a47127498",
              "isHook": false,
              "skipped": false
            }
          ],
          "suites": [],
          "passes": [
            "56bb6f76-e4b8-4433-88ae-7d29b817eb21"
          ],
          "failures": [],
          "pending": [],
          "skipped": [],
          "duration": 10198,
          "root": false,
          "rootEmpty": false,
          "_timeout": 2000
        }
      ],
      "passes": [],
      "failures": [],
      "pending": [],
      "skipped": [],
      "duration": 0,
      "root": true,
      "rootEmpty": true,
      "_timeout": 2000
    }
  ],
  "meta": {
    "mocha": {
      "version": "7.2.0"
    },
    "mochawesome": {
      "options": {
        "quiet": false,
        "reportFilename": "mochawesome",
        "saveHtml": false,
        "saveJson": true,
        "consoleReporter": "spec",
        "useInlineDiffs": false,
        "code": true
      },
      "version": "7.1.3"
    },
    "marge": {
      "options": {
        "charts": true,
        "reportPageTitle": "custom-title",
        "embeddedScreenshots": true,
        "inlineAssets": true,
        "saveAllAttempts": false,
        "overwrite": false,
        "html": false,
        "json": true,
        "reportDir": "cypress/reports/html/.jsons"
      },
      "version": "6.2.0"
    }
  }
}