{
  "stats": {
    "suites": 1,
    "tests": 1,
    "passes": 1,
    "pending": 0,
    "failures": 0,
    "start": "2025-05-31T14:57:41.571Z",
    "end": "2025-05-31T14:57:43.878Z",
    "duration": 2307,
    "testsRegistered": 1,
    "passPercent": 100,
    "pendingPercent": 0,
    "other": 0,
    "hasOther": false,
    "skipped": 0,
    "hasSkipped": false
  },
  "results": [
    {
      "uuid": "85f34724-5ca4-4d15-975e-0fd415f47844",
      "title": "",
      "fullFile": "cypress/e2e/api/interceptExample.cy.js",
      "file": "cypress/e2e/api/interceptExample.cy.js",
      "beforeHooks": [],
      "afterHooks": [],
      "tests": [],
      "suites": [
        {
          "uuid": "aede9138-0cf8-47ad-855e-b48c68c7721a",
          "title": "intercept example",
          "fullFile": "",
          "file": "",
          "beforeHooks": [],
          "afterHooks": [],
          "tests": [
            {
              "title": "first example",
              "fullTitle": "intercept example first example",
              "timedOut": null,
              "duration": 754,
              "state": "passed",
              "speed": "fast",
              "pass": true,
              "fail": false,
              "pending": false,
              "context": null,
              "code": "//cy.intercept({requestobject},{responseobject})\ncy.visit(\"https://rahulshettyacademy.com/angularAppdemo/\");\ncy.intercept({\n  method: 'GET',\n  url: 'https://rahulshettyacademy.com/Library/GetBook.php?AuthorName=shetty'\n}, {\n  statusCode: 200,\n  body: [{\n    \"book_name\": \"RestAssured with Java\",\n    \"isbn\": \"RSU\",\n    \"aisle\": \"2301\"\n  }]\n}).as('bookretrievals');\ncy.get(\"button[class='btn btn-primary']\").click();\ncy.wait('@bookretrievals').then(({\n  request,\n  response\n}) => {\n  cy.get('tr').should('have.length', response.body.length + 1);\n});\ncy.get('p').should('have.text', 'Oops only 1 Book available');",
              "err": {},
              "uuid": "9874227f-546c-42cd-b499-a0c320a3b0a5",
              "parentUUID": "aede9138-0cf8-47ad-855e-b48c68c7721a",
              "isHook": false,
              "skipped": false
            }
          ],
          "suites": [],
          "passes": [
            "9874227f-546c-42cd-b499-a0c320a3b0a5"
          ],
          "failures": [],
          "pending": [],
          "skipped": [],
          "duration": 754,
          "root": false,
          "rootEmpty": false,
          "_timeout": 2000
        }
      ],
      "passes": [],
      "failures": [],
      "pending": [],
      "skipped": [],
      "duration": 0,
      "root": true,
      "rootEmpty": true,
      "_timeout": 2000
    }
  ],
  "meta": {
    "mocha": {
      "version": "7.2.0"
    },
    "mochawesome": {
      "options": {
        "quiet": false,
        "reportFilename": "mochawesome",
        "saveHtml": false,
        "saveJson": true,
        "consoleReporter": "spec",
        "useInlineDiffs": false,
        "code": true
      },
      "version": "7.1.3"
    },
    "marge": {
      "options": {
        "charts": true,
        "reportPageTitle": "custom-title",
        "embeddedScreenshots": true,
        "inlineAssets": true,
        "saveAllAttempts": false,
        "overwrite": false,
        "html": false,
        "json": true,
        "reportDir": "cypress/reports/html/.jsons"
      },
      "version": "6.2.0"
    }
  }
}